Started GET "/" for ::1 at 2022-01-15 18:11:03 +0400
  
Mysql2::Error::ConnectionError (Can't connect to local MySQL server through socket '/run/mysqld/mysqld.sock' (2)):
  
mysql2 (0.5.3) lib/mysql2/client.rb:90:in `connect'
mysql2 (0.5.3) lib/mysql2/client.rb:90:in `initialize'
activerecord (5.2.6) lib/active_record/connection_adapters/mysql2_adapter.rb:22:in `new'
activerecord (5.2.6) lib/active_record/connection_adapters/mysql2_adapter.rb:22:in `mysql2_connection'
activerecord (5.2.6) lib/active_record/connection_adapters/abstract/connection_pool.rb:830:in `new_connection'
activerecord (5.2.6) lib/active_record/connection_adapters/abstract/connection_pool.rb:874:in `checkout_new_connection'
activerecord (5.2.6) lib/active_record/connection_adapters/abstract/connection_pool.rb:853:in `try_to_checkout_new_connection'
activerecord (5.2.6) lib/active_record/connection_adapters/abstract/connection_pool.rb:814:in `acquire_connection'
activerecord (5.2.6) lib/active_record/connection_adapters/abstract/connection_pool.rb:538:in `checkout'
activerecord (5.2.6) lib/active_record/connection_adapters/abstract/connection_pool.rb:382:in `connection'
activerecord (5.2.6) lib/active_record/connection_adapters/abstract/connection_pool.rb:1033:in `retrieve_connection'
activerecord (5.2.6) lib/active_record/connection_handling.rb:118:in `retrieve_connection'
activerecord (5.2.6) lib/active_record/connection_handling.rb:90:in `connection'
activerecord (5.2.6) lib/active_record/migration.rb:554:in `call'
actionpack (5.2.6) lib/action_dispatch/middleware/callbacks.rb:28:in `block in call'
activesupport (5.2.6) lib/active_support/callbacks.rb:98:in `run_callbacks'
actionpack (5.2.6) lib/action_dispatch/middleware/callbacks.rb:26:in `call'
actionpack (5.2.6) lib/action_dispatch/middleware/executor.rb:14:in `call'
actionpack (5.2.6) lib/action_dispatch/middleware/debug_exceptions.rb:61:in `call'
web-console (3.7.0) lib/web_console/middleware.rb:135:in `call_app'
web-console (3.7.0) lib/web_console/middleware.rb:30:in `block in call'
web-console (3.7.0) lib/web_console/middleware.rb:20:in `catch'
web-console (3.7.0) lib/web_console/middleware.rb:20:in `call'
actionpack (5.2.6) lib/action_dispatch/middleware/show_exceptions.rb:33:in `call'
railties (5.2.6) lib/rails/rack/logger.rb:38:in `call_app'
railties (5.2.6) lib/rails/rack/logger.rb:26:in `block in call'
activesupport (5.2.6) lib/active_support/tagged_logging.rb:71:in `block in tagged'
activesupport (5.2.6) lib/active_support/tagged_logging.rb:28:in `tagged'
activesupport (5.2.6) lib/active_support/tagged_logging.rb:71:in `tagged'
railties (5.2.6) lib/rails/rack/logger.rb:26:in `call'
sprockets-rails (3.4.2) lib/sprockets/rails/quiet_assets.rb:13:in `call'
actionpack (5.2.6) lib/action_dispatch/middleware/remote_ip.rb:81:in `call'
actionpack (5.2.6) lib/action_dispatch/middleware/request_id.rb:27:in `call'
rack (2.2.3) lib/rack/method_override.rb:24:in `call'
rack (2.2.3) lib/rack/runtime.rb:22:in `call'
activesupport (5.2.6) lib/active_support/cache/strategy/local_cache_middleware.rb:29:in `call'
actionpack (5.2.6) lib/action_dispatch/middleware/executor.rb:14:in `call'
actionpack (5.2.6) lib/action_dispatch/middleware/static.rb:127:in `call'
rack (2.2.3) lib/rack/sendfile.rb:110:in `call'
railties (5.2.6) lib/rails/engine.rb:524:in `call'
puma (3.12.6) lib/puma/configuration.rb:227:in `call'
puma (3.12.6) lib/puma/server.rb:706:in `handle_request'
puma (3.12.6) lib/puma/server.rb:476:in `process_client'
puma (3.12.6) lib/puma/server.rb:334:in `block in run'
puma (3.12.6) lib/puma/thread_pool.rb:135:in `block in spawn_thread'
Started GET "/" for ::1 at 2022-01-15 18:11:05 +0400
  
Mysql2::Error::ConnectionError (Can't connect to local MySQL server through socket '/run/mysqld/mysqld.sock' (2)):
  
mysql2 (0.5.3) lib/mysql2/client.rb:90:in `connect'
mysql2 (0.5.3) lib/mysql2/client.rb:90:in `initialize'
activerecord (5.2.6) lib/active_record/connection_adapters/mysql2_adapter.rb:22:in `new'
activerecord (5.2.6) lib/active_record/connection_adapters/mysql2_adapter.rb:22:in `mysql2_connection'
activerecord (5.2.6) lib/active_record/connection_adapters/abstract/connection_pool.rb:830:in `new_connection'
activerecord (5.2.6) lib/active_record/connection_adapters/abstract/connection_pool.rb:874:in `checkout_new_connection'
activerecord (5.2.6) lib/active_record/connection_adapters/abstract/connection_pool.rb:853:in `try_to_checkout_new_connection'
activerecord (5.2.6) lib/active_record/connection_adapters/abstract/connection_pool.rb:814:in `acquire_connection'
activerecord (5.2.6) lib/active_record/connection_adapters/abstract/connection_pool.rb:538:in `checkout'
activerecord (5.2.6) lib/active_record/connection_adapters/abstract/connection_pool.rb:382:in `connection'
activerecord (5.2.6) lib/active_record/connection_adapters/abstract/connection_pool.rb:1033:in `retrieve_connection'
activerecord (5.2.6) lib/active_record/connection_handling.rb:118:in `retrieve_connection'
activerecord (5.2.6) lib/active_record/connection_handling.rb:90:in `connection'
activerecord (5.2.6) lib/active_record/migration.rb:554:in `call'
actionpack (5.2.6) lib/action_dispatch/middleware/callbacks.rb:28:in `block in call'
activesupport (5.2.6) lib/active_support/callbacks.rb:98:in `run_callbacks'
actionpack (5.2.6) lib/action_dispatch/middleware/callbacks.rb:26:in `call'
actionpack (5.2.6) lib/action_dispatch/middleware/executor.rb:14:in `call'
actionpack (5.2.6) lib/action_dispatch/middleware/debug_exceptions.rb:61:in `call'
web-console (3.7.0) lib/web_console/middleware.rb:135:in `call_app'
web-console (3.7.0) lib/web_console/middleware.rb:30:in `block in call'
web-console (3.7.0) lib/web_console/middleware.rb:20:in `catch'
web-console (3.7.0) lib/web_console/middleware.rb:20:in `call'
actionpack (5.2.6) lib/action_dispatch/middleware/show_exceptions.rb:33:in `call'
railties (5.2.6) lib/rails/rack/logger.rb:38:in `call_app'
railties (5.2.6) lib/rails/rack/logger.rb:26:in `block in call'
activesupport (5.2.6) lib/active_support/tagged_logging.rb:71:in `block in tagged'
activesupport (5.2.6) lib/active_support/tagged_logging.rb:28:in `tagged'
activesupport (5.2.6) lib/active_support/tagged_logging.rb:71:in `tagged'
railties (5.2.6) lib/rails/rack/logger.rb:26:in `call'
sprockets-rails (3.4.2) lib/sprockets/rails/quiet_assets.rb:13:in `call'
actionpack (5.2.6) lib/action_dispatch/middleware/remote_ip.rb:81:in `call'
actionpack (5.2.6) lib/action_dispatch/middleware/request_id.rb:27:in `call'
rack (2.2.3) lib/rack/method_override.rb:24:in `call'
rack (2.2.3) lib/rack/runtime.rb:22:in `call'
activesupport (5.2.6) lib/active_support/cache/strategy/local_cache_middleware.rb:29:in `call'
actionpack (5.2.6) lib/action_dispatch/middleware/executor.rb:14:in `call'
actionpack (5.2.6) lib/action_dispatch/middleware/static.rb:127:in `call'
rack (2.2.3) lib/rack/sendfile.rb:110:in `call'
railties (5.2.6) lib/rails/engine.rb:524:in `call'
puma (3.12.6) lib/puma/configuration.rb:227:in `call'
puma (3.12.6) lib/puma/server.rb:706:in `handle_request'
puma (3.12.6) lib/puma/server.rb:476:in `process_client'
puma (3.12.6) lib/puma/server.rb:334:in `block in run'
puma (3.12.6) lib/puma/thread_pool.rb:135:in `block in spawn_thread'
Started GET "/" for 127.0.0.1 at 2022-01-16 22:31:06 +0400
  
Mysql2::Error::ConnectionError (Can't connect to local MySQL server through socket '/run/mysqld/mysqld.sock' (2)):
  
mysql2 (0.5.3) lib/mysql2/client.rb:90:in `connect'
mysql2 (0.5.3) lib/mysql2/client.rb:90:in `initialize'
activerecord (5.2.6) lib/active_record/connection_adapters/mysql2_adapter.rb:22:in `new'
activerecord (5.2.6) lib/active_record/connection_adapters/mysql2_adapter.rb:22:in `mysql2_connection'
activerecord (5.2.6) lib/active_record/connection_adapters/abstract/connection_pool.rb:830:in `new_connection'
activerecord (5.2.6) lib/active_record/connection_adapters/abstract/connection_pool.rb:874:in `checkout_new_connection'
activerecord (5.2.6) lib/active_record/connection_adapters/abstract/connection_pool.rb:853:in `try_to_checkout_new_connection'
activerecord (5.2.6) lib/active_record/connection_adapters/abstract/connection_pool.rb:814:in `acquire_connection'
activerecord (5.2.6) lib/active_record/connection_adapters/abstract/connection_pool.rb:538:in `checkout'
activerecord (5.2.6) lib/active_record/connection_adapters/abstract/connection_pool.rb:382:in `connection'
activerecord (5.2.6) lib/active_record/connection_adapters/abstract/connection_pool.rb:1033:in `retrieve_connection'
activerecord (5.2.6) lib/active_record/connection_handling.rb:118:in `retrieve_connection'
activerecord (5.2.6) lib/active_record/connection_handling.rb:90:in `connection'
activerecord (5.2.6) lib/active_record/migration.rb:554:in `call'
actionpack (5.2.6) lib/action_dispatch/middleware/callbacks.rb:28:in `block in call'
activesupport (5.2.6) lib/active_support/callbacks.rb:98:in `run_callbacks'
actionpack (5.2.6) lib/action_dispatch/middleware/callbacks.rb:26:in `call'
actionpack (5.2.6) lib/action_dispatch/middleware/executor.rb:14:in `call'
actionpack (5.2.6) lib/action_dispatch/middleware/debug_exceptions.rb:61:in `call'
web-console (3.7.0) lib/web_console/middleware.rb:135:in `call_app'
web-console (3.7.0) lib/web_console/middleware.rb:30:in `block in call'
web-console (3.7.0) lib/web_console/middleware.rb:20:in `catch'
web-console (3.7.0) lib/web_console/middleware.rb:20:in `call'
actionpack (5.2.6) lib/action_dispatch/middleware/show_exceptions.rb:33:in `call'
railties (5.2.6) lib/rails/rack/logger.rb:38:in `call_app'
railties (5.2.6) lib/rails/rack/logger.rb:26:in `block in call'
activesupport (5.2.6) lib/active_support/tagged_logging.rb:71:in `block in tagged'
activesupport (5.2.6) lib/active_support/tagged_logging.rb:28:in `tagged'
activesupport (5.2.6) lib/active_support/tagged_logging.rb:71:in `tagged'
railties (5.2.6) lib/rails/rack/logger.rb:26:in `call'
sprockets-rails (3.4.2) lib/sprockets/rails/quiet_assets.rb:13:in `call'
actionpack (5.2.6) lib/action_dispatch/middleware/remote_ip.rb:81:in `call'
actionpack (5.2.6) lib/action_dispatch/middleware/request_id.rb:27:in `call'
rack (2.2.3) lib/rack/method_override.rb:24:in `call'
rack (2.2.3) lib/rack/runtime.rb:22:in `call'
activesupport (5.2.6) lib/active_support/cache/strategy/local_cache_middleware.rb:29:in `call'
actionpack (5.2.6) lib/action_dispatch/middleware/executor.rb:14:in `call'
actionpack (5.2.6) lib/action_dispatch/middleware/static.rb:127:in `call'
rack (2.2.3) lib/rack/sendfile.rb:110:in `call'
railties (5.2.6) lib/rails/engine.rb:524:in `call'
puma (3.12.6) lib/puma/configuration.rb:227:in `call'
puma (3.12.6) lib/puma/server.rb:706:in `handle_request'
puma (3.12.6) lib/puma/server.rb:476:in `process_client'
puma (3.12.6) lib/puma/server.rb:334:in `block in run'
puma (3.12.6) lib/puma/thread_pool.rb:135:in `block in spawn_thread'
  [1m[35m (0.3ms)[0m  [1m[35mSET NAMES utf8,  @@SESSION.sql_mode = CONCAT(CONCAT(@@sql_mode, ',STRICT_ALL_TABLES'), ',NO_AUTO_VALUE_ON_ZERO'),  @@SESSION.sql_auto_is_null = 0, @@SESSION.wait_timeout = 2147483[0m
  ↳ /home/sergo-kali/.rvm/gems/ruby-2.6.6/bin/rake:23
  [1m[35m (0.2ms)[0m  [1m[35mCREATE DATABASE `P161App_development` DEFAULT CHARACTER SET `utf8`[0m
  ↳ /home/sergo-kali/.rvm/gems/ruby-2.6.6/bin/rake:23
  [1m[35m (0.1ms)[0m  [1m[35mSET NAMES utf8,  @@SESSION.sql_mode = CONCAT(CONCAT(@@sql_mode, ',STRICT_ALL_TABLES'), ',NO_AUTO_VALUE_ON_ZERO'),  @@SESSION.sql_auto_is_null = 0, @@SESSION.wait_timeout = 2147483[0m
  ↳ /home/sergo-kali/.rvm/gems/ruby-2.6.6/bin/rake:23
  [1m[35m (0.1ms)[0m  [1m[35mCREATE DATABASE `P161App_test` DEFAULT CHARACTER SET `utf8`[0m
  ↳ /home/sergo-kali/.rvm/gems/ruby-2.6.6/bin/rake:23
Started GET "/" for ::1 at 2022-01-17 00:41:21 +0400
  [1m[35m (0.2ms)[0m  [1m[35mSET NAMES utf8,  @@SESSION.sql_mode = CONCAT(CONCAT(@@sql_mode, ',STRICT_ALL_TABLES'), ',NO_AUTO_VALUE_ON_ZERO'),  @@SESSION.sql_auto_is_null = 0, @@SESSION.wait_timeout = 2147483[0m
  ↳ /home/sergo-kali/.rvm/gems/ruby-2.6.6/gems/activerecord-5.2.6/lib/active_record/log_subscriber.rb:98
Processing by WelcomeController#index as HTML
  Rendering welcome/index.html.erb within layouts/application
  Rendered welcome/index.html.erb within layouts/application (0.4ms)
Completed 200 OK in 129ms (Views: 125.2ms | ActiveRecord: 0.0ms)


Started GET "/" for ::1 at 2022-01-17 00:41:26 +0400
Processing by WelcomeController#index as HTML
  Rendering welcome/index.html.erb within layouts/application
  Rendered welcome/index.html.erb within layouts/application (0.2ms)
Completed 200 OK in 8ms (Views: 7.2ms | ActiveRecord: 0.0ms)


  [1m[35m (0.2ms)[0m  [1m[35mSET NAMES utf8,  @@SESSION.sql_mode = CONCAT(CONCAT(@@sql_mode, ',STRICT_ALL_TABLES'), ',NO_AUTO_VALUE_ON_ZERO'),  @@SESSION.sql_auto_is_null = 0, @@SESSION.wait_timeout = 2147483[0m
  ↳ /home/sergo-kali/.rvm/gems/ruby-2.6.6/bin/rake:23
  [1m[35m (0.2ms)[0m  [1m[35mCREATE DATABASE `P161App_development` DEFAULT CHARACTER SET `utf8`[0m
  ↳ /home/sergo-kali/.rvm/gems/ruby-2.6.6/bin/rake:23
  [1m[35m (0.1ms)[0m  [1m[35mSET NAMES utf8,  @@SESSION.sql_mode = CONCAT(CONCAT(@@sql_mode, ',STRICT_ALL_TABLES'), ',NO_AUTO_VALUE_ON_ZERO'),  @@SESSION.sql_auto_is_null = 0, @@SESSION.wait_timeout = 2147483[0m
  ↳ /home/sergo-kali/.rvm/gems/ruby-2.6.6/bin/rake:23
  [1m[35m (0.2ms)[0m  [1m[35mCREATE DATABASE `P161App_test` DEFAULT CHARACTER SET `utf8`[0m
  ↳ /home/sergo-kali/.rvm/gems/ruby-2.6.6/bin/rake:23
  [1m[35m (0.2ms)[0m  [1m[35mSET NAMES utf8,  @@SESSION.sql_mode = CONCAT(CONCAT(@@sql_mode, ',STRICT_ALL_TABLES'), ',NO_AUTO_VALUE_ON_ZERO'),  @@SESSION.sql_auto_is_null = 0, @@SESSION.wait_timeout = 2147483[0m
  ↳ /home/sergo-kali/.rvm/gems/ruby-2.6.6/bin/rake:23
  [1m[35m (0.2ms)[0m  [1m[35mSET NAMES utf8,  @@SESSION.sql_mode = CONCAT(CONCAT(@@sql_mode, ',STRICT_ALL_TABLES'), ',NO_AUTO_VALUE_ON_ZERO'),  @@SESSION.sql_auto_is_null = 0, @@SESSION.wait_timeout = 2147483[0m
  ↳ /home/sergo-kali/.rvm/gems/ruby-2.6.6/bin/rake:23
  [1m[35m (0.5ms)[0m  [1m[35mDROP DATABASE IF EXISTS `P161App_development`[0m
  ↳ /home/sergo-kali/.rvm/gems/ruby-2.6.6/bin/rake:23
  [1m[35m (0.1ms)[0m  [1m[35mSET NAMES utf8,  @@SESSION.sql_mode = CONCAT(CONCAT(@@sql_mode, ',STRICT_ALL_TABLES'), ',NO_AUTO_VALUE_ON_ZERO'),  @@SESSION.sql_auto_is_null = 0, @@SESSION.wait_timeout = 2147483[0m
  ↳ /home/sergo-kali/.rvm/gems/ruby-2.6.6/bin/rake:23
  [1m[35m (0.3ms)[0m  [1m[35mDROP DATABASE IF EXISTS `P161App_test`[0m
  ↳ /home/sergo-kali/.rvm/gems/ruby-2.6.6/bin/rake:23
